TLC2 Version 2.16 of 31 December 2020 (rev: cdddf55)
Warning: Please run the Java VM which executes TLC with a throughput optimized garbage collector by passing the "-XX:+UseParallelGC" property.
(Use the -nowarning option to disable this warning.)
Running breadth-first search Model-Checking with fp 113 and seed -2389898019732175699 with 4 workers on 8 cores with 1930MB heap and 64MB offheap memory [pid: 115603] (Linux 6.18.33.2-microsoft-standard-WSL2 amd64, Ubuntu 25.0.3 x86_64, MSBDiskFPSet, DiskStateQueue).
Parsing file /home/lenovo/Harmonis-Prime/specs/tla/BenchmarkRunner.tla
Parsing file /tmp/Naturals.tla
Parsing file /tmp/FiniteSets.tla
Parsing file /tmp/Sequences.tla
Semantic processing of module Naturals
Semantic processing of module Sequences
Semantic processing of module FiniteSets
Semantic processing of module BenchmarkRunner
Starting... (2026-07-05 12:46:21)
Implied-temporal checking--satisfiability problem has 1 branches.
Computing initial states...
Finished computing initial states: 1 distinct state generated at 2026-07-05 12:46:22.
Progress(9) at 2026-07-05 12:46:22: 81 states generated, 53 distinct states found, 0 states left on queue.
Checking temporal properties for the complete state space with 53 total distinct states at (2026-07-05 12:46:22)
Finished checking temporal properties in 00s at 2026-07-05 12:46:22
Model checking completed. No error has been found.
  Estimates of the probability that TLC did not check all reachable states
  because two distinct states had the same fingerprint:
  calculated (optimistic):  val = 8.0E-17
81 states generated, 53 distinct states found, 0 states left on queue.
The depth of the complete state graph search is 9.
The average outdegree of the complete state graph is 1 (minimum is 0, the maximum 6 and the 95th percentile is 3).
Finished in 01s at (2026-07-05 12:46:22)
